<?xml version="1.0" encoding="UTF-8"?>
<!-- Generated by org.testng.reporters.JUnitReportReporter -->
<testsuite hostname="DESKTOP-73AC014" failures="0" tests="1" name="com.tools.qa.testcases.ElementsPageTest" time="7.295" errors="0" timestamp="20 Jul 2024 07:02:52 GMT" skipped="0">
  <testcase classname="com.tools.qa.testcases.ElementsPageTest" name="verifyContactsPageLabel" time="7.295"/>
</testsuite> <!-- com.tools.qa.testcases.ElementsPageTest -->
